0 info it worked if it ends with ok
1 verbose cli [ '/usr/bin/nodejs', '/usr/bin/npm', 'run', 'build' ]
2 info using npm@3.3.12
3 info using node@v5.3.0
4 verbose run-script [ 'prebuild', 'build', 'postbuild' ]
5 info lifecycle laravel_gulp_boilerplate@0.0.1~prebuild: laravel_gulp_boilerplate@0.0.1
6 silly lifecycle laravel_gulp_boilerplate@0.0.1~prebuild: no script for prebuild, continuing
7 info lifecycle laravel_gulp_boilerplate@0.0.1~build: laravel_gulp_boilerplate@0.0.1
8 verbose lifecycle laravel_gulp_boilerplate@0.0.1~build: unsafe-perm in lifecycle true
9 verbose lifecycle laravel_gulp_boilerplate@0.0.1~build: PATH: /usr/lib/node_modules/npm/bin/node-gyp-bin:/var/www/html/projects/laravel-gulp-boilerplate/src/node_modules/.bin:/home/vagrant/.composer/vendor/bin:/usr/local/sbin:/usr/local/bin:/usr/sbin:/usr/bin:/sbin:/bin:/usr/games:/usr/local/games
10 verbose lifecycle laravel_gulp_boilerplate@0.0.1~build: CWD: /var/www/html/projects/laravel-gulp-boilerplate/src
11 silly lifecycle laravel_gulp_boilerplate@0.0.1~build: Args: [ '-c', 'gulp' ]
12 silly lifecycle laravel_gulp_boilerplate@0.0.1~build: Returned: code: 1  signal: null
13 info lifecycle laravel_gulp_boilerplate@0.0.1~build: Failed to exec build script
14 verbose stack Error: laravel_gulp_boilerplate@0.0.1 build: `gulp`
14 verbose stack Exit status 1
14 verbose stack     at EventEmitter.<anonymous> (/usr/lib/node_modules/npm/lib/utils/lifecycle.js:232:16)
14 verbose stack     at emitTwo (events.js:87:13)
14 verbose stack     at EventEmitter.emit (events.js:172:7)
14 verbose stack     at ChildProcess.<anonymous> (/usr/lib/node_modules/npm/lib/utils/spawn.js:24:14)
14 verbose stack     at emitTwo (events.js:87:13)
14 verbose stack     at ChildProcess.emit (events.js:172:7)
14 verbose stack     at maybeClose (internal/child_process.js:818:16)
14 verbose stack     at Process.ChildProcess._handle.onexit (internal/child_process.js:211:5)
15 verbose pkgid laravel_gulp_boilerplate@0.0.1
16 verbose cwd /var/www/html/projects/laravel-gulp-boilerplate/src
17 error Linux 3.19.0-25-generic
18 error argv "/usr/bin/nodejs" "/usr/bin/npm" "run" "build"
19 error node v5.3.0
20 error npm  v3.3.12
21 error code ELIFECYCLE
22 error laravel_gulp_boilerplate@0.0.1 build: `gulp`
22 error Exit status 1
23 error Failed at the laravel_gulp_boilerplate@0.0.1 build script 'gulp'.
23 error Make sure you have the latest version of node.js and npm installed.
23 error If you do, this is most likely a problem with the laravel_gulp_boilerplate package,
23 error not with npm itself.
23 error Tell the author that this fails on your system:
23 error     gulp
23 error You can get their info via:
23 error     npm owner ls laravel_gulp_boilerplate
23 error There is likely additional logging output above.
24 verbose exit [ 1, true ]
